Fri Sep 04 21:05:47 1998
Fri Sep 04 21:05:47 1998
D:  thread(1323056)
Starting session in debug mode, profile settings are:


[DCEApp]
UseNaming=1
UseSecurity=0
LogFile=default.log
MaxLogSize=1000000
LogLevel=3
AuthorizationService=dce
Broker=ncacn_ip_tcp:localhost
BrokerLibrary=
TimerInterval=10
EventManagement=
GSSAPIProvider=

[DCEClient]
Protseq=tcp
ImportName=/.../entera/applications/services/
ServerBinding=
ProtectionLevel=
ServerPrincipal=
ComTimeout=default
VerifyAvailability=0
ExtendedImport=1
TimerInterval=
SetAuthentication=1
DisableNaming=0
AuthorizeServer=1
DelegationType=none

[DCEServer]
Verbose=1
Protseq=tcp
RegisterAnnotation=
ServiceName=
ExportName=/.../entera/hosts/juergen1/servers/
UseGroup=1
GroupName=/.../entera/applications/services/
ServerName=
PrincipalName=juergen1/
KeytabFile=.ktb
ACLFile=.acl
ACLUUIDFile=.acu
NewProcess=0
SingleInstance=1
NoRoot=1
MaxCalls=1
StackMultiplier=1
Unexport=0
IsDedicated=0
MaxProcesses=10
DedicatedLogFile=0
AuthorizeClient=1
MinProtectionLevel=
DedicatedMaxStartTime=500
InheritSecContext=0
ServerAdministrator=
ServerPriority=
MaxQueueSize=5
UseEnteraQueue=0

